desc: --massif-out-file=massif.out
cmd: flame examples/test2.flame -C
time_unit: i
#-----------
snapshot=0
#-----------
time=0
mem_heap_B=0
mem_heap_extra_B=0
mem_stacks_B=0
heap_tree=empty
#-----------
snapshot=1
#-----------
time=2854580
mem_heap_B=73728
mem_heap_extra_B=8
mem_stacks_B=0
heap_tree=empty
#-----------
snapshot=2
#-----------
time=2860512
mem_heap_B=74200
mem_heap_extra_B=24
mem_stacks_B=0
heap_tree=empty
#-----------
snapshot=3
#-----------
time=2871268
mem_heap_B=82760
mem_heap_extra_B=64
mem_stacks_B=0
heap_tree=empty
#-----------
snapshot=4
#-----------
time=2885013
mem_heap_B=75059
mem_heap_extra_B=69
mem_stacks_B=0
heap_tree=empty
#-----------
snapshot=5
#-----------
time=2899645
mem_heap_B=78035
mem_heap_extra_B=69
mem_stacks_B=0
heap_tree=empty
#-----------
snapshot=6
#-----------
time=2911222
mem_heap_B=84179
mem_heap_extra_B=77
mem_stacks_B=0
heap_tree=empty
#-----------
snapshot=7
#-----------
time=2924857
mem_heap_B=93395
mem_heap_extra_B=77
mem_stacks_B=0
heap_tree=empty
#-----------
snapshot=8
#-----------
time=2929724
mem_heap_B=87251
mem_heap_extra_B=69
mem_stacks_B=0
heap_tree=empty
#-----------
snapshot=9
#-----------
time=2967234
mem_heap_B=111827
mem_heap_extra_B=77
mem_stacks_B=0
heap_tree=empty
#-----------
snapshot=10
#-----------
time=2976848
mem_heap_B=99539
mem_heap_extra_B=69
mem_stacks_B=0
heap_tree=empty
#-----------
snapshot=11
#-----------
time=3000552
mem_heap_B=99038
mem_heap_extra_B=50
mem_stacks_B=0
heap_tree=empty
#-----------
snapshot=12
#-----------
time=3010847
mem_heap_B=115986
mem_heap_extra_B=86
mem_stacks_B=0
heap_tree=empty
#-----------
snapshot=13
#-----------
time=3022751
mem_heap_B=118033
mem_heap_extra_B=151
mem_stacks_B=0
heap_tree=empty
#-----------
snapshot=14
#-----------
time=3030822
mem_heap_B=120530
mem_heap_extra_B=190
mem_stacks_B=0
heap_tree=empty
#-----------
snapshot=15
#-----------
time=3044048
mem_heap_B=123506
mem_heap_extra_B=190
mem_stacks_B=0
heap_tree=empty
#-----------
snapshot=16
#-----------
time=3056783
mem_heap_B=126578
mem_heap_extra_B=190
mem_stacks_B=0
heap_tree=empty
#-----------
snapshot=17
#-----------
time=3072894
mem_heap_B=138866
mem_heap_extra_B=198
mem_stacks_B=0
heap_tree=empty
#-----------
snapshot=18
#-----------
time=3077878
mem_heap_B=132722
mem_heap_extra_B=190
mem_stacks_B=0
heap_tree=empty
#-----------
snapshot=19
#-----------
time=3117291
mem_heap_B=157298
mem_heap_extra_B=198
mem_stacks_B=0
heap_tree=empty
#-----------
snapshot=20
#-----------
time=3127092
mem_heap_B=145010
mem_heap_extra_B=190
mem_stacks_B=0
heap_tree=empty
#-----------
snapshot=21
#-----------
time=3184168
mem_heap_B=144312
mem_heap_extra_B=176
mem_stacks_B=0
heap_tree=empty
#-----------
snapshot=22
#-----------
time=3198950
mem_heap_B=165328
mem_heap_extra_B=200
mem_stacks_B=0
heap_tree=empty
#-----------
snapshot=23
#-----------
time=3215605
mem_heap_B=167016
mem_heap_extra_B=432
mem_stacks_B=0
heap_tree=empty
#-----------
snapshot=24
#-----------
time=3227968
mem_heap_B=168688
mem_heap_extra_B=616
mem_stacks_B=0
heap_tree=empty
#-----------
snapshot=25
#-----------
time=3235234
mem_heap_B=169392
mem_heap_extra_B=680
mem_stacks_B=0
heap_tree=empty
#-----------
snapshot=26
#-----------
time=3247765
mem_heap_B=169904
mem_heap_extra_B=712
mem_stacks_B=0
heap_tree=empty
#-----------
snapshot=27
#-----------
time=3264199
mem_heap_B=171448
mem_heap_extra_B=864
mem_stacks_B=0
heap_tree=empty
#-----------
snapshot=28
#-----------
time=3276385
mem_heap_B=172552
mem_heap_extra_B=1000
mem_stacks_B=0
heap_tree=empty
#-----------
snapshot=29
#-----------
time=3287052
mem_heap_B=173288
mem_heap_extra_B=1080
mem_stacks_B=0
heap_tree=empty
#-----------
snapshot=30
#-----------
time=3302173
mem_heap_B=174712
mem_heap_extra_B=1248
mem_stacks_B=0
heap_tree=empty
#-----------
snapshot=31
#-----------
time=3316023
mem_heap_B=175272
mem_heap_extra_B=1368
mem_stacks_B=0
heap_tree=empty
#-----------
snapshot=32
#-----------
time=3326485
mem_heap_B=177176
mem_heap_extra_B=1528
mem_stacks_B=0
heap_tree=empty
#-----------
snapshot=33
#-----------
time=3338859
mem_heap_B=177560
mem_heap_extra_B=1552
mem_stacks_B=0
heap_tree=empty
#-----------
snapshot=34
#-----------
time=3354658
mem_heap_B=179912
mem_heap_extra_B=1776
mem_stacks_B=0
heap_tree=detailed
n6: 179912 (heap allocation functions) malloc/new/new[], --alloc-fns, etc.
 n1: 73728 0x49680EF: pool (eh_alloc.cc:235)
  n1: 73728 0x49680EF: __static_initialization_and_destruction_0 (eh_alloc.cc:373)
   n1: 73728 0x49680EF: _GLOBAL__sub_I_eh_alloc.cc (eh_alloc.cc:456)
    n1: 73728 0x40442A6: call_init (dl-init.c:74)
     n1: 73728 0x40442A6: call_init (dl-init.c:26)
      n1: 73728 0x404437C: _dl_init (dl-init.c:121)
       n1: 73728 0x405CC9F: ??? (in /usr/lib/ld-linux-x86-64.so.2)
        n1: 73728 0x2: ???
         n1: 73728 0x1FFEFFFD32: ???
          n1: 73728 0x1FFEFFFD38: ???
           n0: 73728 0x1FFEFFFD4D: ???
 n1: 49152 0x400AD6E: allocate (new_allocator.h:151)
  n1: 49152 0x400AD6E: allocate (allocator.h:203)
   n1: 49152 0x400AD6E: allocate (alloc_traits.h:614)
    n1: 49152 0x400AD6E: _M_allocate (stl_vector.h:387)
     n3: 49152 0x400AD6E: void std::vector<token, std::allocator<token> >::_M_realloc_append<token>(token&&) (vector.tcc:572)
      n1: 24576 0x4008559: emplace_back<token> (vector.tcc:123)
       n1: 24576 0x4008559: push_back (stl_vector.h:1434)
        n1: 24576 0x4008559: lexer::lex(std::__cxx11::basic_string<char, std::char_traits<char>, std::allocator<char> >) (???:304)
         n0: 24576 0x40229B8: main (main.cpp:64)
      n1: 24576 0x40091E5: lexer::lex(std::__cxx11::basic_string<char, std::char_traits<char>, std::allocator<char> >) (lexer.cpp:248)
       n1: 24576 0x4011C7D: parser::parse_use() (parser.cpp:321)
        n1: 24576 0x4012F61: parser::parse_statement() (parser.cpp:969)
         n1: 24576 0x401C3C2: parser::parse() (parser.cpp:1015)
          n0: 24576 0x4022E67: main (main.cpp:76)
      n0: 0 in 11 places, all below massif's threshold (1.00%)
 n1: 37824 0x401FDD2: allocate (new_allocator.h:151)
  n1: 37824 0x401FDD2: allocate (allocator.h:203)
   n1: 37824 0x401FDD2: allocate (alloc_traits.h:614)
    n1: 37824 0x401FDD2: _M_allocate (stl_vector.h:387)
     n1: 37824 0x401FDD2: _M_allocate_and_copy<__gnu_cxx::__normal_iterator<const token *, std::vector<token, std::allocator<token> > > > (stl_vector.h:1910)
      n2: 37824 0x401FDD2: std::vector<token, std::allocator<token> >::operator=(std::vector<token, std::allocator<token> > const&) (vector.tcc:238)
       n1: 20928 0x4011CFF: parser (parser.h:36)
        n1: 20928 0x4011CFF: parser::parse_use() (???:322)
         n1: 20928 0x4012F61: parser::parse_statement() (parser.cpp:969)
          n1: 20928 0x401C3C2: parser::parse() (parser.cpp:1015)
           n0: 20928 0x4022E67: main (main.cpp:76)
       n1: 16896 0x4022B73: parser (parser.h:36)
        n0: 16896 0x4022B73: main (???:65)
 n0: 14344 in 36 places, all below massif's threshold (1.00%)
 n1: 2944 0x401CCE4: std::__detail::_MakeUniq<Node>::__single_object std::make_unique<Node, token&>(token&) (unique_ptr.h:1084)
  n1: 2944 0x400C6F0: parser::parse_factor() (parser.cpp:186)
   n2: 2944 0x400FFD8: parser::parse_unary() (parser.cpp:214)
    n1: 2816 0x40100CC: parser::parse_and_b() (parser.cpp:219)
     n1: 2816 0x401033C: parser::parse_xor() (parser.cpp:237)
      n2: 2816 0x40105AC: parser::parse_or_b() (parser.cpp:255)
       n2: 2560 0x401081C: parser::parse_term() (parser.cpp:273)
        n2: 2432 0x400FC9C: parser::parse_expr() (parser.cpp:291)
         n2: 2048 0x401310C: parser::parse_comparison() (parser.cpp:374)
          n1: 1920 0x401332C: parser::parse_equality() (parser.cpp:389)
           n0: 1920 in 2 places, all below massif's threshold (1.00%)
          n0: 128 in 1 place, below massif's threshold (1.00%)
         n0: 384 in 1 place, below massif's threshold (1.00%)
        n0: 128 in 1 place, below massif's threshold (1.00%)
       n0: 256 in 1 place, below massif's threshold (1.00%)
    n0: 128 in 1 place, below massif's threshold (1.00%)
 n1: 1920 0x40145C4: make_unique<ArgumentNode, token &, token &, bool &, unsigned long long &> (unique_ptr.h:1084)
  n1: 1920 0x40145C4: parser::parse_func_statement() (???:498)
   n1: 1920 0x4013033: parser::parse_statement() (parser.cpp:967)
    n1: 1920 0x40120A5: parser::parse_use() (parser.cpp:331)
     n1: 1920 0x4012F61: parser::parse_statement() (parser.cpp:969)
      n1: 1920 0x401C3C2: parser::parse() (parser.cpp:1015)
       n0: 1920 0x4022E67: main (main.cpp:76)
#-----------
snapshot=35
#-----------
time=3365770
mem_heap_B=180592
mem_heap_extra_B=1848
mem_stacks_B=0
heap_tree=empty
#-----------
snapshot=36
#-----------
time=3381709
mem_heap_B=181720
mem_heap_extra_B=1984
mem_stacks_B=0
heap_tree=peak
n7: 181720 (heap allocation functions) malloc/new/new[], --alloc-fns, etc.
 n1: 73728 0x49680EF: pool (eh_alloc.cc:235)
  n1: 73728 0x49680EF: __static_initialization_and_destruction_0 (eh_alloc.cc:373)
   n1: 73728 0x49680EF: _GLOBAL__sub_I_eh_alloc.cc (eh_alloc.cc:456)
    n1: 73728 0x40442A6: call_init (dl-init.c:74)
     n1: 73728 0x40442A6: call_init (dl-init.c:26)
      n1: 73728 0x404437C: _dl_init (dl-init.c:121)
       n1: 73728 0x405CC9F: ??? (in /usr/lib/ld-linux-x86-64.so.2)
        n1: 73728 0x2: ???
         n1: 73728 0x1FFEFFFD32: ???
          n1: 73728 0x1FFEFFFD38: ???
           n0: 73728 0x1FFEFFFD4D: ???
 n1: 49152 0x400AD6E: allocate (new_allocator.h:151)
  n1: 49152 0x400AD6E: allocate (allocator.h:203)
   n1: 49152 0x400AD6E: allocate (alloc_traits.h:614)
    n1: 49152 0x400AD6E: _M_allocate (stl_vector.h:387)
     n3: 49152 0x400AD6E: void std::vector<token, std::allocator<token> >::_M_realloc_append<token>(token&&) (vector.tcc:572)
      n1: 24576 0x4008559: emplace_back<token> (vector.tcc:123)
       n1: 24576 0x4008559: push_back (stl_vector.h:1434)
        n1: 24576 0x4008559: lexer::lex(std::__cxx11::basic_string<char, std::char_traits<char>, std::allocator<char> >) (???:304)
         n0: 24576 0x40229B8: main (main.cpp:64)
      n1: 24576 0x40091E5: lexer::lex(std::__cxx11::basic_string<char, std::char_traits<char>, std::allocator<char> >) (lexer.cpp:248)
       n1: 24576 0x4011C7D: parser::parse_use() (parser.cpp:321)
        n1: 24576 0x4012F61: parser::parse_statement() (parser.cpp:969)
         n1: 24576 0x401C3C2: parser::parse() (parser.cpp:1015)
          n0: 24576 0x4022E67: main (main.cpp:76)
      n0: 0 in 11 places, all below massif's threshold (1.00%)
 n1: 37824 0x401FDD2: allocate (new_allocator.h:151)
  n1: 37824 0x401FDD2: allocate (allocator.h:203)
   n1: 37824 0x401FDD2: allocate (alloc_traits.h:614)
    n1: 37824 0x401FDD2: _M_allocate (stl_vector.h:387)
     n1: 37824 0x401FDD2: _M_allocate_and_copy<__gnu_cxx::__normal_iterator<const token *, std::vector<token, std::allocator<token> > > > (stl_vector.h:1910)
      n2: 37824 0x401FDD2: std::vector<token, std::allocator<token> >::operator=(std::vector<token, std::allocator<token> > const&) (vector.tcc:238)
       n1: 20928 0x4011CFF: parser (parser.h:36)
        n1: 20928 0x4011CFF: parser::parse_use() (???:322)
         n1: 20928 0x4012F61: parser::parse_statement() (parser.cpp:969)
          n1: 20928 0x401C3C2: parser::parse() (parser.cpp:1015)
           n0: 20928 0x4022E67: main (main.cpp:76)
       n1: 16896 0x4022B73: parser (parser.h:36)
        n0: 16896 0x4022B73: main (???:65)
 n0: 13720 in 36 places, all below massif's threshold (1.00%)
 n1: 3456 0x401CCE4: std::__detail::_MakeUniq<Node>::__single_object std::make_unique<Node, token&>(token&) (unique_ptr.h:1084)
  n1: 3456 0x400C6F0: parser::parse_factor() (parser.cpp:186)
   n2: 3456 0x400FFD8: parser::parse_unary() (parser.cpp:214)
    n1: 3328 0x40100CC: parser::parse_and_b() (parser.cpp:219)
     n1: 3328 0x401033C: parser::parse_xor() (parser.cpp:237)
      n2: 3328 0x40105AC: parser::parse_or_b() (parser.cpp:255)
       n2: 3072 0x401081C: parser::parse_term() (parser.cpp:273)
        n2: 2944 0x400FC9C: parser::parse_expr() (parser.cpp:291)
         n2: 2432 0x401310C: parser::parse_comparison() (parser.cpp:374)
          n2: 2304 0x401332C: parser::parse_equality() (parser.cpp:389)
           n1: 2176 0x401354C: parser::parse_and() (parser.cpp:404)
            n1: 2176 0x400FABC: parser::parse_or() (parser.cpp:416)
             n0: 2176 in 6 places, all below massif's threshold (1.00%)
           n0: 128 in 1 place, below massif's threshold (1.00%)
          n0: 128 in 1 place, below massif's threshold (1.00%)
         n0: 512 in 2 places, all below massif's threshold (1.00%)
        n0: 128 in 1 place, below massif's threshold (1.00%)
       n0: 256 in 1 place, below massif's threshold (1.00%)
    n0: 128 in 1 place, below massif's threshold (1.00%)
 n1: 1920 0x40145C4: make_unique<ArgumentNode, token &, token &, bool &, unsigned long long &> (unique_ptr.h:1084)
  n1: 1920 0x40145C4: parser::parse_func_statement() (???:498)
   n1: 1920 0x4013033: parser::parse_statement() (parser.cpp:967)
    n1: 1920 0x40120A5: parser::parse_use() (parser.cpp:331)
     n1: 1920 0x4012F61: parser::parse_statement() (parser.cpp:969)
      n1: 1920 0x401C3C2: parser::parse() (parser.cpp:1015)
       n0: 1920 0x4022E67: main (main.cpp:76)
 n1: 1920 0x40311A6: allocate (new_allocator.h:151)
  n1: 1920 0x40311A6: allocate (allocator.h:203)
   n1: 1920 0x40311A6: allocate (alloc_traits.h:614)
    n1: 1920 0x40311A6: std::__detail::_Hash_node<std::pair<std::__cxx11::basic_string<char, std::char_traits<char>, std::allocator<char> > const, symbol>, true>* std::__detail::_Hashtable_alloc<std::allocator<std::__detail::_Hash_node<std::pair<std::__cxx11::basic_string<char, std::char_traits<char>, std::allocator<char> > const, symbol>, true> > >::_M_allocate_node<std::piecewise_construct_t const&, std::tuple<std::__cxx11::basic_string<char, std::char_traits<char>, std::allocator<char> > const&>, std::tuple<symbol&&> >(std::piecewise_construct_t const&, std::tuple<std::__cxx11::basic_string<char, std::char_traits<char>, std::allocator<char> > const&>&&, std::tuple<symbol&&>&&) (hashtable_policy.h:1551)
     n1: 1920 0x4031011: _Scoped_node<const std::piecewise_construct_t &, std::tuple<const std::__cxx11::basic_string<char, std::char_traits<char>, std::allocator<char> > &>, std::tuple<symbol &&> > (hashtable.h:305)
      n1: 1920 0x4031011: std::pair<std::__detail::_Node_iterator<std::pair<std::__cxx11::basic_string<char, std::char_traits<char>, std::allocator<char> > const, symbol>, false, true>, bool> std::_Hashtable<std::__cxx11::basic_string<char, std::char_traits<char>, std::allocator<char> >, std::pair<std::__cxx11::basic_string<char, std::char_traits<char>, std::allocator<char> > const, symbol>, std::allocator<std::pair<std::__cxx11::basic_string<char, std::char_traits<char>, std::allocator<char> > const, symbol> >, std::__detail::_Select1st, std::equal_to<std::__cxx11::basic_string<char, std::char_traits<char>, std::allocator<char> > >, std::hash<std::__cxx11::basic_string<char, std::char_traits<char>, std::allocator<char> > >, std::__detail::_Mod_range_hashing, std::__detail::_Default_ranged_hash, std::__detail::_Prime_rehash_policy, std::__detail::_Hashtable_traits<true, false, true> >::try_emplace<std::__cxx11::basic_string<char, std::char_traits<char>, std::allocator<char> > const&, symbol>(std::__detail::_Node_const_iterator<std::pair<std::__cxx11::basic_string<char, std::char_traits<char>, std::allocator<char> > const, symbol>, false, true>, std::__cxx11::basic_string<char, std::char_traits<char>, std::allocator<char> > const&, symbol&&) (hashtable.h:1096)
       n1: 1920 0x4030CF5: std::pair<std::__detail::_Node_iterator<std::pair<std::__cxx11::basic_string<char, std::char_traits<char>, std::allocator<char> > const, symbol>, false, true>, bool> std::unordered_map<std::__cxx11::basic_string<char, std::char_traits<char>, std::allocator<char> >, symbol, std::hash<std::__cxx11::basic_string<char, std::char_traits<char>, std::allocator<char> > >, std::equal_to<std::__cxx11::basic_string<char, std::char_traits<char>, std::allocator<char> > >, std::allocator<std::pair<std::__cxx11::basic_string<char, std::char_traits<char>, std::allocator<char> > const, symbol> > >::insert_or_assign<symbol>(std::__cxx11::basic_string<char, std::char_traits<char>, std::allocator<char> > const&, symbol&&) (unordered_map.h:727)
        n1: 1920 0x40308C7: insert(std::__cxx11::basic_string<char, std::char_traits<char>, std::allocator<char> > const&, token_type, std::variant<std::monostate, unsigned long long, long long, float, double, bool, std::__cxx11::basic_string<char, std::char_traits<char>, std::allocator<char> > >, bool, unsigned long long, bool, bool, bool) (table.cpp:54)
         n0: 1920 in 6 places, all below massif's threshold (1.00%)
#-----------
snapshot=37
#-----------
time=3392342
mem_heap_B=134397
mem_heap_extra_B=1923
mem_stacks_B=0
heap_tree=empty
#-----------
snapshot=38
#-----------
time=3400085
mem_heap_B=135637
mem_heap_extra_B=2035
mem_stacks_B=0
heap_tree=empty
#-----------
snapshot=39
#-----------
time=3411577
mem_heap_B=136869
mem_heap_extra_B=2171
mem_stacks_B=0
heap_tree=empty
#-----------
snapshot=40
#-----------
time=3419188
mem_heap_B=137269
mem_heap_extra_B=2195
mem_stacks_B=0
heap_tree=detailed
n10: 137269 (heap allocation functions) malloc/new/new[], --alloc-fns, etc.
 n1: 73728 0x49680EF: pool (eh_alloc.cc:235)
  n1: 73728 0x49680EF: __static_initialization_and_destruction_0 (eh_alloc.cc:373)
   n1: 73728 0x49680EF: _GLOBAL__sub_I_eh_alloc.cc (eh_alloc.cc:456)
    n1: 73728 0x40442A6: call_init (dl-init.c:74)
     n1: 73728 0x40442A6: call_init (dl-init.c:26)
      n1: 73728 0x404437C: _dl_init (dl-init.c:121)
       n1: 73728 0x405CC9F: ??? (in /usr/lib/ld-linux-x86-64.so.2)
        n1: 73728 0x2: ???
         n1: 73728 0x1FFEFFFD32: ???
          n1: 73728 0x1FFEFFFD38: ???
           n0: 73728 0x1FFEFFFD4D: ???
 n1: 24576 0x400AD6E: allocate (new_allocator.h:151)
  n1: 24576 0x400AD6E: allocate (allocator.h:203)
   n1: 24576 0x400AD6E: allocate (alloc_traits.h:614)
    n1: 24576 0x400AD6E: _M_allocate (stl_vector.h:387)
     n2: 24576 0x400AD6E: void std::vector<token, std::allocator<token> >::_M_realloc_append<token>(token&&) (vector.tcc:572)
      n1: 24576 0x4008559: emplace_back<token> (vector.tcc:123)
       n1: 24576 0x4008559: push_back (stl_vector.h:1434)
        n1: 24576 0x4008559: lexer::lex(std::__cxx11::basic_string<char, std::char_traits<char>, std::allocator<char> >) (???:304)
         n0: 24576 0x40229B8: main (main.cpp:64)
      n0: 0 in 12 places, all below massif's threshold (1.00%)
 n1: 16896 0x401FDD2: allocate (new_allocator.h:151)
  n1: 16896 0x401FDD2: allocate (allocator.h:203)
   n1: 16896 0x401FDD2: allocate (alloc_traits.h:614)
    n1: 16896 0x401FDD2: _M_allocate (stl_vector.h:387)
     n1: 16896 0x401FDD2: _M_allocate_and_copy<__gnu_cxx::__normal_iterator<const token *, std::vector<token, std::allocator<token> > > > (stl_vector.h:1910)
      n2: 16896 0x401FDD2: std::vector<token, std::allocator<token> >::operator=(std::vector<token, std::allocator<token> > const&) (vector.tcc:238)
       n1: 16896 0x4022B73: parser (parser.h:36)
        n0: 16896 0x4022B73: main (???:65)
       n0: 0 in 1 place, below massif's threshold (1.00%)
 n0: 8981 in 36 places, all below massif's threshold (1.00%)
 n1: 3840 0x401CCE4: std::__detail::_MakeUniq<Node>::__single_object std::make_unique<Node, token&>(token&) (unique_ptr.h:1084)
  n1: 3840 0x400C6F0: parser::parse_factor() (parser.cpp:186)
   n2: 3840 0x400FFD8: parser::parse_unary() (parser.cpp:214)
    n1: 3712 0x40100CC: parser::parse_and_b() (parser.cpp:219)
     n1: 3712 0x401033C: parser::parse_xor() (parser.cpp:237)
      n2: 3712 0x40105AC: parser::parse_or_b() (parser.cpp:255)
       n2: 3456 0x401081C: parser::parse_term() (parser.cpp:273)
        n2: 3200 0x400FC9C: parser::parse_expr() (parser.cpp:291)
         n2: 2688 0x401310C: parser::parse_comparison() (parser.cpp:374)
          n2: 2560 0x401332C: parser::parse_equality() (parser.cpp:389)
           n1: 2432 0x401354C: parser::parse_and() (parser.cpp:404)
            n1: 2432 0x400FABC: parser::parse_or() (parser.cpp:416)
             n0: 2432 in 6 places, all below massif's threshold (1.00%)
           n0: 128 in 1 place, below massif's threshold (1.00%)
          n0: 128 in 1 place, below massif's threshold (1.00%)
         n0: 512 in 2 places, all below massif's threshold (1.00%)
        n0: 256 in 1 place, below massif's threshold (1.00%)
       n0: 256 in 1 place, below massif's threshold (1.00%)
    n0: 128 in 1 place, below massif's threshold (1.00%)
 n1: 2640 0x40145C4: make_unique<ArgumentNode, token &, token &, bool &, unsigned long long &> (unique_ptr.h:1084)
  n1: 2640 0x40145C4: parser::parse_func_statement() (???:498)
   n2: 2640 0x4013033: parser::parse_statement() (parser.cpp:967)
    n1: 1920 0x40120A5: parser::parse_use() (parser.cpp:331)
     n1: 1920 0x4012F61: parser::parse_statement() (parser.cpp:969)
      n1: 1920 0x401C3C2: parser::parse() (parser.cpp:1015)
       n0: 1920 0x4022E67: main (main.cpp:76)
    n0: 720 in 1 place, below massif's threshold (1.00%)
 n1: 1904 0x401E8E9: std::__detail::_MakeUniq<FuncNode>::__single_object std::make_unique<FuncNode, token&, token&, std::vector<std::unique_ptr<ASTNode, std::default_delete<ASTNode> >, std::allocator<std::unique_ptr<ASTNode, std::default_delete<ASTNode> > > >, std::unique_ptr<ASTNode, std::default_delete<ASTNode> >, bool&, unsigned long long&>(token&, token&, std::vector<std::unique_ptr<ASTNode, std::default_delete<ASTNode> >, std::allocator<std::unique_ptr<ASTNode, std::default_delete<ASTNode> > > >&&, std::unique_ptr<ASTNode, std::default_delete<ASTNode> >&&, bool&, unsigned long long&) (unique_ptr.h:1084)
  n1: 1904 0x4014D3A: parser::parse_func_statement() (parser.cpp:526)
   n2: 1904 0x4013033: parser::parse_statement() (parser.cpp:967)
    n1: 1632 0x40120A5: parser::parse_use() (parser.cpp:331)
     n1: 1632 0x4012F61: parser::parse_statement() (parser.cpp:969)
      n1: 1632 0x401C3C2: parser::parse() (parser.cpp:1015)
       n0: 1632 0x4022E67: main (main.cpp:76)
    n0: 272 in 1 place, below massif's threshold (1.00%)
 n1: 1760 0x40311A6: allocate (new_allocator.h:151)
  n1: 1760 0x40311A6: allocate (allocator.h:203)
   n1: 1760 0x40311A6: allocate (alloc_traits.h:614)
    n1: 1760 0x40311A6: std::__detail::_Hash_node<std::pair<std::__cxx11::basic_string<char, std::char_traits<char>, std::allocator<char> > const, symbol>, true>* std::__detail::_Hashtable_alloc<std::allocator<std::__detail::_Hash_node<std::pair<std::__cxx11::basic_string<char, std::char_traits<char>, std::allocator<char> > const, symbol>, true> > >::_M_allocate_node<std::piecewise_construct_t const&, std::tuple<std::__cxx11::basic_string<char, std::char_traits<char>, std::allocator<char> > const&>, std::tuple<symbol&&> >(std::piecewise_construct_t const&, std::tuple<std::__cxx11::basic_string<char, std::char_traits<char>, std::allocator<char> > const&>&&, std::tuple<symbol&&>&&) (hashtable_policy.h:1551)
     n1: 1760 0x4031011: _Scoped_node<const std::piecewise_construct_t &, std::tuple<const std::__cxx11::basic_string<char, std::char_traits<char>, std::allocator<char> > &>, std::tuple<symbol &&> > (hashtable.h:305)
      n1: 1760 0x4031011: std::pair<std::__detail::_Node_iterator<std::pair<std::__cxx11::basic_string<char, std::char_traits<char>, std::allocator<char> > const, symbol>, false, true>, bool> std::_Hashtable<std::__cxx11::basic_string<char, std::char_traits<char>, std::allocator<char> >, std::pair<std::__cxx11::basic_string<char, std::char_traits<char>, std::allocator<char> > const, symbol>, std::allocator<std::pair<std::__cxx11::basic_string<char, std::char_traits<char>, std::allocator<char> > const, symbol> >, std::__detail::_Select1st, std::equal_to<std::__cxx11::basic_string<char, std::char_traits<char>, std::allocator<char> > >, std::hash<std::__cxx11::basic_string<char, std::char_traits<char>, std::allocator<char> > >, std::__detail::_Mod_range_hashing, std::__detail::_Default_ranged_hash, std::__detail::_Prime_rehash_policy, std::__detail::_Hashtable_traits<true, false, true> >::try_emplace<std::__cxx11::basic_string<char, std::char_traits<char>, std::allocator<char> > const&, symbol>(std::__detail::_Node_const_iterator<std::pair<std::__cxx11::basic_string<char, std::char_traits<char>, std::allocator<char> > const, symbol>, false, true>, std::__cxx11::basic_string<char, std::char_traits<char>, std::allocator<char> > const&, symbol&&) (hashtable.h:1096)
       n1: 1760 0x4030CF5: std::pair<std::__detail::_Node_iterator<std::pair<std::__cxx11::basic_string<char, std::char_traits<char>, std::allocator<char> > const, symbol>, false, true>, bool> std::unordered_map<std::__cxx11::basic_string<char, std::char_traits<char>, std::allocator<char> >, symbol, std::hash<std::__cxx11::basic_string<char, std::char_traits<char>, std::allocator<char> > >, std::equal_to<std::__cxx11::basic_string<char, std::char_traits<char>, std::allocator<char> > >, std::allocator<std::pair<std::__cxx11::basic_string<char, std::char_traits<char>, std::allocator<char> > const, symbol> > >::insert_or_assign<symbol>(std::__cxx11::basic_string<char, std::char_traits<char>, std::allocator<char> > const&, symbol&&) (unordered_map.h:727)
        n1: 1760 0x40308C7: insert(std::__cxx11::basic_string<char, std::char_traits<char>, std::allocator<char> > const&, token_type, std::variant<std::monostate, unsigned long long, long long, float, double, bool, std::__cxx11::basic_string<char, std::char_traits<char>, std::allocator<char> > >, bool, unsigned long long, bool, bool, bool) (table.cpp:54)
         n0: 1760 in 6 places, all below massif's threshold (1.00%)
 n1: 1536 0x400B32C: make_unique<Node, token &> (unique_ptr.h:1084)
  n2: 1536 0x400B32C: parser::parse_factor() (???:26)
   n1: 1536 0x400FFD8: parser::parse_unary() (parser.cpp:214)
    n1: 1536 0x40100CC: parser::parse_and_b() (parser.cpp:219)
     n1: 1536 0x401033C: parser::parse_xor() (parser.cpp:237)
      n1: 1536 0x40105AC: parser::parse_or_b() (parser.cpp:255)
       n1: 1536 0x401081C: parser::parse_term() (parser.cpp:273)
        n0: 1536 in 2 places, all below massif's threshold (1.00%)
   n0: 0 in 1 place, below massif's threshold (1.00%)
 n1: 1408 0x4022E00: allocate (new_allocator.h:151)
  n1: 1408 0x4022E00: allocate (allocator.h:203)
   n1: 1408 0x4022E00: allocate (alloc_traits.h:614)
    n1: 1408 0x4022E00: _M_allocate (stl_vector.h:387)
     n1: 1408 0x4022E00: reserve (vector.tcc:79)
      n0: 1408 0x4022E00: main (???:74)
#-----------
snapshot=41
#-----------
time=3432010
mem_heap_B=138213
mem_heap_extra_B=2307
mem_stacks_B=0
heap_tree=empty
#-----------
snapshot=42
#-----------
time=3440657
mem_heap_B=139309
mem_heap_extra_B=2395
mem_stacks_B=0
heap_tree=empty
#-----------
snapshot=43
#-----------
time=3453527
mem_heap_B=139893
mem_heap_extra_B=2435
mem_stacks_B=0
heap_tree=empty
#-----------
snapshot=44
#-----------
time=3461526
mem_heap_B=140517
mem_heap_extra_B=2515
mem_stacks_B=0
heap_tree=empty
#-----------
snapshot=45
#-----------
time=3471924
mem_heap_B=141533
mem_heap_extra_B=2587
mem_stacks_B=0
heap_tree=empty
#-----------
snapshot=46
#-----------
time=3483955
mem_heap_B=142181
mem_heap_extra_B=2691
mem_stacks_B=0
heap_tree=empty
#-----------
snapshot=47
#-----------
time=3491234
mem_heap_B=142725
mem_heap_extra_B=2715
mem_stacks_B=0
heap_tree=empty
#-----------
snapshot=48
#-----------
time=3503100
mem_heap_B=143309
mem_heap_extra_B=2835
mem_stacks_B=0
heap_tree=empty
#-----------
snapshot=49
#-----------
time=3511445
mem_heap_B=143589
mem_heap_extra_B=2867
mem_stacks_B=0
heap_tree=empty
#-----------
snapshot=50
#-----------
time=3516380
mem_heap_B=143077
mem_heap_extra_B=2859
mem_stacks_B=0
heap_tree=empty
#-----------
snapshot=51
#-----------
time=3524404
mem_heap_B=140400
mem_heap_extra_B=2776
mem_stacks_B=0
heap_tree=empty
#-----------
snapshot=52
#-----------
time=3529380
mem_heap_B=140913
mem_heap_extra_B=2799
mem_stacks_B=0
heap_tree=detailed
n8: 140913 (heap allocation functions) malloc/new/new[], --alloc-fns, etc.
 n1: 73728 0x49680EF: pool (eh_alloc.cc:235)
  n1: 73728 0x49680EF: __static_initialization_and_destruction_0 (eh_alloc.cc:373)
   n1: 73728 0x49680EF: _GLOBAL__sub_I_eh_alloc.cc (eh_alloc.cc:456)
    n1: 73728 0x40442A6: call_init (dl-init.c:74)
     n1: 73728 0x40442A6: call_init (dl-init.c:26)
      n1: 73728 0x404437C: _dl_init (dl-init.c:121)
       n1: 73728 0x405CC9F: ??? (in /usr/lib/ld-linux-x86-64.so.2)
        n1: 73728 0x2: ???
         n1: 73728 0x1FFEFFFD32: ???
          n1: 73728 0x1FFEFFFD38: ???
           n0: 73728 0x1FFEFFFD4D: ???
 n1: 24576 0x400AD6E: allocate (new_allocator.h:151)
  n1: 24576 0x400AD6E: allocate (allocator.h:203)
   n1: 24576 0x400AD6E: allocate (alloc_traits.h:614)
    n1: 24576 0x400AD6E: _M_allocate (stl_vector.h:387)
     n2: 24576 0x400AD6E: void std::vector<token, std::allocator<token> >::_M_realloc_append<token>(token&&) (vector.tcc:572)
      n1: 24576 0x4008559: emplace_back<token> (vector.tcc:123)
       n1: 24576 0x4008559: push_back (stl_vector.h:1434)
        n1: 24576 0x4008559: lexer::lex(std::__cxx11::basic_string<char, std::char_traits<char>, std::allocator<char> >) (???:304)
         n0: 24576 0x40229B8: main (main.cpp:64)
      n0: 0 in 12 places, all below massif's threshold (1.00%)
 n1: 16896 0x401FDD2: allocate (new_allocator.h:151)
  n1: 16896 0x401FDD2: allocate (allocator.h:203)
   n1: 16896 0x401FDD2: allocate (alloc_traits.h:614)
    n1: 16896 0x401FDD2: _M_allocate (stl_vector.h:387)
     n1: 16896 0x401FDD2: _M_allocate_and_copy<__gnu_cxx::__normal_iterator<const token *, std::vector<token, std::allocator<token> > > > (stl_vector.h:1910)
      n2: 16896 0x401FDD2: std::vector<token, std::allocator<token> >::operator=(std::vector<token, std::allocator<token> > const&) (vector.tcc:238)
       n1: 16896 0x4022B73: parser (parser.h:36)
        n0: 16896 0x4022B73: main (???:65)
       n0: 0 in 1 place, below massif's threshold (1.00%)
 n0: 13185 in 48 places, all below massif's threshold (1.00%)
 n1: 3968 0x401CCE4: std::__detail::_MakeUniq<Node>::__single_object std::make_unique<Node, token&>(token&) (unique_ptr.h:1084)
  n1: 3968 0x400C6F0: parser::parse_factor() (parser.cpp:186)
   n2: 3968 0x400FFD8: parser::parse_unary() (parser.cpp:214)
    n1: 3840 0x40100CC: parser::parse_and_b() (parser.cpp:219)
     n1: 3840 0x401033C: parser::parse_xor() (parser.cpp:237)
      n2: 3840 0x40105AC: parser::parse_or_b() (parser.cpp:255)
       n2: 3584 0x401081C: parser::parse_term() (parser.cpp:273)
        n2: 3328 0x400FC9C: parser::parse_expr() (parser.cpp:291)
         n2: 2816 0x401310C: parser::parse_comparison() (parser.cpp:374)
          n2: 2688 0x401332C: parser::parse_equality() (parser.cpp:389)
           n1: 2560 0x401354C: parser::parse_and() (parser.cpp:404)
            n1: 2560 0x400FABC: parser::parse_or() (parser.cpp:416)
             n0: 2560 in 6 places, all below massif's threshold (1.00%)
           n0: 128 in 1 place, below massif's threshold (1.00%)
          n0: 128 in 1 place, below massif's threshold (1.00%)
         n0: 512 in 2 places, all below massif's threshold (1.00%)
        n0: 256 in 1 place, below massif's threshold (1.00%)
       n0: 256 in 1 place, below massif's threshold (1.00%)
    n0: 128 in 1 place, below massif's threshold (1.00%)
 n1: 3200 0x400B32C: make_unique<Node, token &> (unique_ptr.h:1084)
  n2: 3200 0x400B32C: parser::parse_factor() (???:26)
   n2: 3200 0x400FFD8: parser::parse_unary() (parser.cpp:214)
    n1: 3072 0x40100CC: parser::parse_and_b() (parser.cpp:219)
     n1: 3072 0x401033C: parser::parse_xor() (parser.cpp:237)
      n1: 3072 0x40105AC: parser::parse_or_b() (parser.cpp:255)
       n2: 3072 0x401081C: parser::parse_term() (parser.cpp:273)
        n2: 2816 0x400FC9C: parser::parse_expr() (parser.cpp:291)
         n1: 1920 0x401310C: parser::parse_comparison() (parser.cpp:374)
          n1: 1920 0x401332C: parser::parse_equality() (parser.cpp:389)
           n1: 1920 0x401354C: parser::parse_and() (parser.cpp:404)
            n1: 1920 0x400FABC: parser::parse_or() (parser.cpp:416)
             n0: 1920 in 7 places, all below massif's threshold (1.00%)
         n0: 896 in 4 places, all below massif's threshold (1.00%)
        n0: 256 in 1 place, below massif's threshold (1.00%)
    n0: 128 in 1 place, below massif's threshold (1.00%)
   n0: 0 in 1 place, below massif's threshold (1.00%)
 n1: 2720 0x401E8E9: std::__detail::_MakeUniq<FuncNode>::__single_object std::make_unique<FuncNode, token&, token&, std::vector<std::unique_ptr<ASTNode, std::default_delete<ASTNode> >, std::allocator<std::unique_ptr<ASTNode, std::default_delete<ASTNode> > > >, std::unique_ptr<ASTNode, std::default_delete<ASTNode> >, bool&, unsigned long long&>(token&, token&, std::vector<std::unique_ptr<ASTNode, std::default_delete<ASTNode> >, std::allocator<std::unique_ptr<ASTNode, std::default_delete<ASTNode> > > >&&, std::unique_ptr<ASTNode, std::default_delete<ASTNode> >&&, bool&, unsigned long long&) (unique_ptr.h:1084)
  n1: 2720 0x4014D3A: parser::parse_func_statement() (parser.cpp:526)
   n2: 2720 0x4013033: parser::parse_statement() (parser.cpp:967)
    n1: 1632 0x40120A5: parser::parse_use() (parser.cpp:331)
     n1: 1632 0x4012F61: parser::parse_statement() (parser.cpp:969)
      n1: 1632 0x401C3C2: parser::parse() (parser.cpp:1015)
       n0: 1632 0x4022E67: main (main.cpp:76)
    n0: 1088 in 1 place, below massif's threshold (1.00%)
 n1: 2640 0x40145C4: make_unique<ArgumentNode, token &, token &, bool &, unsigned long long &> (unique_ptr.h:1084)
  n1: 2640 0x40145C4: parser::parse_func_statement() (???:498)
   n2: 2640 0x4013033: parser::parse_statement() (parser.cpp:967)
    n1: 1920 0x40120A5: parser::parse_use() (parser.cpp:331)
     n1: 1920 0x4012F61: parser::parse_statement() (parser.cpp:969)
      n1: 1920 0x401C3C2: parser::parse() (parser.cpp:1015)
       n0: 1920 0x4022E67: main (main.cpp:76)
    n0: 720 in 1 place, below massif's threshold (1.00%)
#-----------
snapshot=53
#-----------
time=3535663
mem_heap_B=140520
mem_heap_extra_B=2784
mem_stacks_B=0
heap_tree=empty
#-----------
snapshot=54
#-----------
time=3540661
mem_heap_B=141064
mem_heap_extra_B=2832
mem_stacks_B=0
heap_tree=empty
#-----------
snapshot=55
#-----------
time=3552534
mem_heap_B=141095
mem_heap_extra_B=2841
mem_stacks_B=0
heap_tree=empty
#-----------
snapshot=56
#-----------
time=3557432
mem_heap_B=140760
mem_heap_extra_B=2784
mem_stacks_B=0
heap_tree=empty
#-----------
snapshot=57
#-----------
time=3564467
mem_heap_B=141304
mem_heap_extra_B=2832
mem_stacks_B=0
heap_tree=empty
#-----------
snapshot=58
#-----------
time=3570509
mem_heap_B=141384
mem_heap_extra_B=2816
mem_stacks_B=0
heap_tree=empty
#-----------
snapshot=59
#-----------
time=3576709
mem_heap_B=140791
mem_heap_extra_B=2809
mem_stacks_B=0
heap_tree=empty
#-----------
snapshot=60
#-----------
time=3581989
mem_heap_B=141377
mem_heap_extra_B=2831
mem_stacks_B=0
heap_tree=empty
#-----------
snapshot=61
#-----------
time=3586945
mem_heap_B=141872
mem_heap_extra_B=2824
mem_stacks_B=0
heap_tree=empty
#-----------
snapshot=62
#-----------
time=3595826
mem_heap_B=141271
mem_heap_extra_B=2809
mem_stacks_B=0
heap_tree=detailed
n9: 141271 (heap allocation functions) malloc/new/new[], --alloc-fns, etc.
 n1: 73728 0x49680EF: pool (eh_alloc.cc:235)
  n1: 73728 0x49680EF: __static_initialization_and_destruction_0 (eh_alloc.cc:373)
   n1: 73728 0x49680EF: _GLOBAL__sub_I_eh_alloc.cc (eh_alloc.cc:456)
    n1: 73728 0x40442A6: call_init (dl-init.c:74)
     n1: 73728 0x40442A6: call_init (dl-init.c:26)
      n1: 73728 0x404437C: _dl_init (dl-init.c:121)
       n1: 73728 0x405CC9F: ??? (in /usr/lib/ld-linux-x86-64.so.2)
        n1: 73728 0x2: ???
         n1: 73728 0x1FFEFFFD32: ???
          n1: 73728 0x1FFEFFFD38: ???
           n0: 73728 0x1FFEFFFD4D: ???
 n1: 24576 0x400AD6E: allocate (new_allocator.h:151)
  n1: 24576 0x400AD6E: allocate (allocator.h:203)
   n1: 24576 0x400AD6E: allocate (alloc_traits.h:614)
    n1: 24576 0x400AD6E: _M_allocate (stl_vector.h:387)
     n2: 24576 0x400AD6E: void std::vector<token, std::allocator<token> >::_M_realloc_append<token>(token&&) (vector.tcc:572)
      n1: 24576 0x4008559: emplace_back<token> (vector.tcc:123)
       n1: 24576 0x4008559: push_back (stl_vector.h:1434)
        n1: 24576 0x4008559: lexer::lex(std::__cxx11::basic_string<char, std::char_traits<char>, std::allocator<char> >) (???:304)
         n0: 24576 0x40229B8: main (main.cpp:64)
      n0: 0 in 12 places, all below massif's threshold (1.00%)
 n1: 16896 0x401FDD2: allocate (new_allocator.h:151)
  n1: 16896 0x401FDD2: allocate (allocator.h:203)
   n1: 16896 0x401FDD2: allocate (alloc_traits.h:614)
    n1: 16896 0x401FDD2: _M_allocate (stl_vector.h:387)
     n1: 16896 0x401FDD2: _M_allocate_and_copy<__gnu_cxx::__normal_iterator<const token *, std::vector<token, std::allocator<token> > > > (stl_vector.h:1910)
      n2: 16896 0x401FDD2: std::vector<token, std::allocator<token> >::operator=(std::vector<token, std::allocator<token> > const&) (vector.tcc:238)
       n1: 16896 0x4022B73: parser (parser.h:36)
        n0: 16896 0x4022B73: main (???:65)
       n0: 0 in 1 place, below massif's threshold (1.00%)
 n0: 11696 in 47 places, all below massif's threshold (1.00%)
 n1: 3968 0x401CCE4: std::__detail::_MakeUniq<Node>::__single_object std::make_unique<Node, token&>(token&) (unique_ptr.h:1084)
  n1: 3968 0x400C6F0: parser::parse_factor() (parser.cpp:186)
   n2: 3968 0x400FFD8: parser::parse_unary() (parser.cpp:214)
    n1: 3840 0x40100CC: parser::parse_and_b() (parser.cpp:219)
     n1: 3840 0x401033C: parser::parse_xor() (parser.cpp:237)
      n2: 3840 0x40105AC: parser::parse_or_b() (parser.cpp:255)
       n2: 3584 0x401081C: parser::parse_term() (parser.cpp:273)
        n2: 3328 0x400FC9C: parser::parse_expr() (parser.cpp:291)
         n2: 2816 0x401310C: parser::parse_comparison() (parser.cpp:374)
          n2: 2688 0x401332C: parser::parse_equality() (parser.cpp:389)
           n1: 2560 0x401354C: parser::parse_and() (parser.cpp:404)
            n1: 2560 0x400FABC: parser::parse_or() (parser.cpp:416)
             n0: 2560 in 6 places, all below massif's threshold (1.00%)
           n0: 128 in 1 place, below massif's threshold (1.00%)
          n0: 128 in 1 place, below massif's threshold (1.00%)
         n0: 512 in 2 places, all below massif's threshold (1.00%)
        n0: 256 in 1 place, below massif's threshold (1.00%)
       n0: 256 in 1 place, below massif's threshold (1.00%)
    n0: 128 in 1 place, below massif's threshold (1.00%)
 n1: 3200 0x400B32C: make_unique<Node, token &> (unique_ptr.h:1084)
  n2: 3200 0x400B32C: parser::parse_factor() (???:26)
   n2: 3200 0x400FFD8: parser::parse_unary() (parser.cpp:214)
    n1: 3072 0x40100CC: parser::parse_and_b() (parser.cpp:219)
     n1: 3072 0x401033C: parser::parse_xor() (parser.cpp:237)
      n1: 3072 0x40105AC: parser::parse_or_b() (parser.cpp:255)
       n2: 3072 0x401081C: parser::parse_term() (parser.cpp:273)
        n2: 2816 0x400FC9C: parser::parse_expr() (parser.cpp:291)
         n1: 1920 0x401310C: parser::parse_comparison() (parser.cpp:374)
          n1: 1920 0x401332C: parser::parse_equality() (parser.cpp:389)
           n1: 1920 0x401354C: parser::parse_and() (parser.cpp:404)
            n1: 1920 0x400FABC: parser::parse_or() (parser.cpp:416)
             n0: 1920 in 7 places, all below massif's threshold (1.00%)
         n0: 896 in 4 places, all below massif's threshold (1.00%)
        n0: 256 in 1 place, below massif's threshold (1.00%)
    n0: 128 in 1 place, below massif's threshold (1.00%)
   n0: 0 in 1 place, below massif's threshold (1.00%)
 n1: 2720 0x401E8E9: std::__detail::_MakeUniq<FuncNode>::__single_object std::make_unique<FuncNode, token&, token&, std::vector<std::unique_ptr<ASTNode, std::default_delete<ASTNode> >, std::allocator<std::unique_ptr<ASTNode, std::default_delete<ASTNode> > > >, std::unique_ptr<ASTNode, std::default_delete<ASTNode> >, bool&, unsigned long long&>(token&, token&, std::vector<std::unique_ptr<ASTNode, std::default_delete<ASTNode> >, std::allocator<std::unique_ptr<ASTNode, std::default_delete<ASTNode> > > >&&, std::unique_ptr<ASTNode, std::default_delete<ASTNode> >&&, bool&, unsigned long long&) (unique_ptr.h:1084)
  n1: 2720 0x4014D3A: parser::parse_func_statement() (parser.cpp:526)
   n2: 2720 0x4013033: parser::parse_statement() (parser.cpp:967)
    n1: 1632 0x40120A5: parser::parse_use() (parser.cpp:331)
     n1: 1632 0x4012F61: parser::parse_statement() (parser.cpp:969)
      n1: 1632 0x401C3C2: parser::parse() (parser.cpp:1015)
       n0: 1632 0x4022E67: main (main.cpp:76)
    n0: 1088 in 1 place, below massif's threshold (1.00%)
 n1: 2640 0x40145C4: make_unique<ArgumentNode, token &, token &, bool &, unsigned long long &> (unique_ptr.h:1084)
  n1: 2640 0x40145C4: parser::parse_func_statement() (???:498)
   n2: 2640 0x4013033: parser::parse_statement() (parser.cpp:967)
    n1: 1920 0x40120A5: parser::parse_use() (parser.cpp:331)
     n1: 1920 0x4012F61: parser::parse_statement() (parser.cpp:969)
      n1: 1920 0x401C3C2: parser::parse() (parser.cpp:1015)
       n0: 1920 0x4022E67: main (main.cpp:76)
    n0: 720 in 1 place, below massif's threshold (1.00%)
 n1: 1847 0x400AFF3: allocate (new_allocator.h:151)
  n1: 1847 0x400AFF3: allocate (allocator.h:203)
   n1: 1847 0x400AFF3: allocate (alloc_traits.h:614)
    n1: 1847 0x400AFF3: _S_allocate (basic_string.h:142)
     n1: 1847 0x400AFF3: _M_create (basic_string.tcc:164)
      n1: 1847 0x400AFF3: std::__cxx11::basic_string<char, std::char_traits<char>, std::allocator<char> >::_M_mutate(unsigned long, unsigned long, char const*, unsigned long) (basic_string.tcc:363)
       n0: 1847 in 13 places, all below massif's threshold (1.00%)
#-----------
snapshot=63
#-----------
time=3601292
mem_heap_B=141302
mem_heap_extra_B=2818
mem_stacks_B=0
heap_tree=empty
#-----------
snapshot=64
#-----------
time=3606610
mem_heap_B=141240
mem_heap_extra_B=2784
mem_stacks_B=0
heap_tree=empty
#-----------
snapshot=65
#-----------
time=3613978
mem_heap_B=142297
mem_heap_extra_B=2855
mem_stacks_B=0
heap_tree=empty
#-----------
snapshot=66
#-----------
time=3619031
mem_heap_B=143102
mem_heap_extra_B=2826
mem_stacks_B=0
heap_tree=empty
#-----------
snapshot=67
#-----------
time=3625877
mem_heap_B=141100
mem_heap_extra_B=2780
mem_stacks_B=0
heap_tree=empty
#-----------
snapshot=68
#-----------
time=3633407
mem_heap_B=142010
mem_heap_extra_B=2782
mem_stacks_B=0
heap_tree=empty
#-----------
snapshot=69
#-----------
time=3639358
mem_heap_B=142010
mem_heap_extra_B=2782
mem_stacks_B=0
heap_tree=empty
#-----------
snapshot=70
#-----------
time=3645150
mem_heap_B=141497
mem_heap_extra_B=2759
mem_stacks_B=0
heap_tree=empty
#-----------
snapshot=71
#-----------
time=3651947
mem_heap_B=142010
mem_heap_extra_B=2782
mem_stacks_B=0
heap_tree=empty
#-----------
snapshot=72
#-----------
time=3657090
mem_heap_B=142010
mem_heap_extra_B=2782
mem_stacks_B=0
heap_tree=detailed
n9: 142010 (heap allocation functions) malloc/new/new[], --alloc-fns, etc.
 n1: 73728 0x49680EF: pool (eh_alloc.cc:235)
  n1: 73728 0x49680EF: __static_initialization_and_destruction_0 (eh_alloc.cc:373)
   n1: 73728 0x49680EF: _GLOBAL__sub_I_eh_alloc.cc (eh_alloc.cc:456)
    n1: 73728 0x40442A6: call_init (dl-init.c:74)
     n1: 73728 0x40442A6: call_init (dl-init.c:26)
      n1: 73728 0x404437C: _dl_init (dl-init.c:121)
       n1: 73728 0x405CC9F: ??? (in /usr/lib/ld-linux-x86-64.so.2)
        n1: 73728 0x2: ???
         n1: 73728 0x1FFEFFFD32: ???
          n1: 73728 0x1FFEFFFD38: ???
           n0: 73728 0x1FFEFFFD4D: ???
 n1: 24576 0x400AD6E: allocate (new_allocator.h:151)
  n1: 24576 0x400AD6E: allocate (allocator.h:203)
   n1: 24576 0x400AD6E: allocate (alloc_traits.h:614)
    n1: 24576 0x400AD6E: _M_allocate (stl_vector.h:387)
     n2: 24576 0x400AD6E: void std::vector<token, std::allocator<token> >::_M_realloc_append<token>(token&&) (vector.tcc:572)
      n1: 24576 0x4008559: emplace_back<token> (vector.tcc:123)
       n1: 24576 0x4008559: push_back (stl_vector.h:1434)
        n1: 24576 0x4008559: lexer::lex(std::__cxx11::basic_string<char, std::char_traits<char>, std::allocator<char> >) (???:304)
         n0: 24576 0x40229B8: main (main.cpp:64)
      n0: 0 in 12 places, all below massif's threshold (1.00%)
 n1: 16896 0x401FDD2: allocate (new_allocator.h:151)
  n1: 16896 0x401FDD2: allocate (allocator.h:203)
   n1: 16896 0x401FDD2: allocate (alloc_traits.h:614)
    n1: 16896 0x401FDD2: _M_allocate (stl_vector.h:387)
     n1: 16896 0x401FDD2: _M_allocate_and_copy<__gnu_cxx::__normal_iterator<const token *, std::vector<token, std::allocator<token> > > > (stl_vector.h:1910)
      n2: 16896 0x401FDD2: std::vector<token, std::allocator<token> >::operator=(std::vector<token, std::allocator<token> > const&) (vector.tcc:238)
       n1: 16896 0x4022B73: parser (parser.h:36)
        n0: 16896 0x4022B73: main (???:65)
       n0: 0 in 1 place, below massif's threshold (1.00%)
 n0: 11696 in 47 places, all below massif's threshold (1.00%)
 n1: 3968 0x401CCE4: std::__detail::_MakeUniq<Node>::__single_object std::make_unique<Node, token&>(token&) (unique_ptr.h:1084)
  n1: 3968 0x400C6F0: parser::parse_factor() (parser.cpp:186)
   n2: 3968 0x400FFD8: parser::parse_unary() (parser.cpp:214)
    n1: 3840 0x40100CC: parser::parse_and_b() (parser.cpp:219)
     n1: 3840 0x401033C: parser::parse_xor() (parser.cpp:237)
      n2: 3840 0x40105AC: parser::parse_or_b() (parser.cpp:255)
       n2: 3584 0x401081C: parser::parse_term() (parser.cpp:273)
        n2: 3328 0x400FC9C: parser::parse_expr() (parser.cpp:291)
         n2: 2816 0x401310C: parser::parse_comparison() (parser.cpp:374)
          n2: 2688 0x401332C: parser::parse_equality() (parser.cpp:389)
           n1: 2560 0x401354C: parser::parse_and() (parser.cpp:404)
            n1: 2560 0x400FABC: parser::parse_or() (parser.cpp:416)
             n0: 2560 in 6 places, all below massif's threshold (1.00%)
           n0: 128 in 1 place, below massif's threshold (1.00%)
          n0: 128 in 1 place, below massif's threshold (1.00%)
         n0: 512 in 2 places, all below massif's threshold (1.00%)
        n0: 256 in 1 place, below massif's threshold (1.00%)
       n0: 256 in 1 place, below massif's threshold (1.00%)
    n0: 128 in 1 place, below massif's threshold (1.00%)
 n1: 3200 0x400B32C: make_unique<Node, token &> (unique_ptr.h:1084)
  n2: 3200 0x400B32C: parser::parse_factor() (???:26)
   n2: 3200 0x400FFD8: parser::parse_unary() (parser.cpp:214)
    n1: 3072 0x40100CC: parser::parse_and_b() (parser.cpp:219)
     n1: 3072 0x401033C: parser::parse_xor() (parser.cpp:237)
      n1: 3072 0x40105AC: parser::parse_or_b() (parser.cpp:255)
       n2: 3072 0x401081C: parser::parse_term() (parser.cpp:273)
        n2: 2816 0x400FC9C: parser::parse_expr() (parser.cpp:291)
         n1: 1920 0x401310C: parser::parse_comparison() (parser.cpp:374)
          n1: 1920 0x401332C: parser::parse_equality() (parser.cpp:389)
           n1: 1920 0x401354C: parser::parse_and() (parser.cpp:404)
            n1: 1920 0x400FABC: parser::parse_or() (parser.cpp:416)
             n0: 1920 in 7 places, all below massif's threshold (1.00%)
         n0: 896 in 4 places, all below massif's threshold (1.00%)
        n0: 256 in 1 place, below massif's threshold (1.00%)
    n0: 128 in 1 place, below massif's threshold (1.00%)
   n0: 0 in 1 place, below massif's threshold (1.00%)
 n1: 2720 0x401E8E9: std::__detail::_MakeUniq<FuncNode>::__single_object std::make_unique<FuncNode, token&, token&, std::vector<std::unique_ptr<ASTNode, std::default_delete<ASTNode> >, std::allocator<std::unique_ptr<ASTNode, std::default_delete<ASTNode> > > >, std::unique_ptr<ASTNode, std::default_delete<ASTNode> >, bool&, unsigned long long&>(token&, token&, std::vector<std::unique_ptr<ASTNode, std::default_delete<ASTNode> >, std::allocator<std::unique_ptr<ASTNode, std::default_delete<ASTNode> > > >&&, std::unique_ptr<ASTNode, std::default_delete<ASTNode> >&&, bool&, unsigned long long&) (unique_ptr.h:1084)
  n1: 2720 0x4014D3A: parser::parse_func_statement() (parser.cpp:526)
   n2: 2720 0x4013033: parser::parse_statement() (parser.cpp:967)
    n1: 1632 0x40120A5: parser::parse_use() (parser.cpp:331)
     n1: 1632 0x4012F61: parser::parse_statement() (parser.cpp:969)
      n1: 1632 0x401C3C2: parser::parse() (parser.cpp:1015)
       n0: 1632 0x4022E67: main (main.cpp:76)
    n0: 1088 in 1 place, below massif's threshold (1.00%)
 n1: 2640 0x40145C4: make_unique<ArgumentNode, token &, token &, bool &, unsigned long long &> (unique_ptr.h:1084)
  n1: 2640 0x40145C4: parser::parse_func_statement() (???:498)
   n2: 2640 0x4013033: parser::parse_statement() (parser.cpp:967)
    n1: 1920 0x40120A5: parser::parse_use() (parser.cpp:331)
     n1: 1920 0x4012F61: parser::parse_statement() (parser.cpp:969)
      n1: 1920 0x401C3C2: parser::parse() (parser.cpp:1015)
       n0: 1920 0x4022E67: main (main.cpp:76)
    n0: 720 in 1 place, below massif's threshold (1.00%)
 n1: 2586 0x400AFF3: allocate (new_allocator.h:151)
  n1: 2586 0x400AFF3: allocate (allocator.h:203)
   n1: 2586 0x400AFF3: allocate (alloc_traits.h:614)
    n1: 2586 0x400AFF3: _S_allocate (basic_string.h:142)
     n1: 2586 0x400AFF3: _M_create (basic_string.tcc:164)
      n2: 2586 0x400AFF3: std::__cxx11::basic_string<char, std::char_traits<char>, std::allocator<char> >::_M_mutate(unsigned long, unsigned long, char const*, unsigned long) (basic_string.tcc:363)
       n1: 1821 0x402804D: _M_append (basic_string.tcc:455)
        n1: 1821 0x402804D: append (basic_string.h:1570)
         n1: 1821 0x402804D: append (basic_string.h:1536)
          n1: 1821 0x402804D: operator+= (basic_string.h:1478)
           n1: 1821 0x402804D: FuncNode::gen[abi:cxx11](generator&) (???:229)
            n1: 1821 0x4024151: gencode (generator.h:39)
             n2: 1821 0x4024151: generator::generate[abi:cxx11](std::vector<std::unique_ptr<ASTNode, std::default_delete<ASTNode> >, std::allocator<std::unique_ptr<ASTNode, std::default_delete<ASTNode> > > >&) (generator.h:57)
              n0: 1821 0x4022FF1: main (main.cpp:85)
              n0: 0 in 1 place, below massif's threshold (1.00%)
       n0: 765 in 19 places, all below massif's threshold (1.00%)
#-----------
snapshot=73
#-----------
time=3662758
mem_heap_B=143365
mem_heap_extra_B=2787
mem_stacks_B=0
heap_tree=empty
#-----------
snapshot=74
#-----------
time=3667639
mem_heap_B=138821
mem_heap_extra_B=2579
mem_stacks_B=0
heap_tree=empty
#-----------
snapshot=75
#-----------
time=3672548
mem_heap_B=131445
mem_heap_extra_B=1755
mem_stacks_B=0
heap_tree=empty
#-----------
snapshot=76
#-----------
time=3677511
mem_heap_B=123205
mem_heap_extra_B=931
mem_stacks_B=0
heap_tree=empty
#-----------
snapshot=77
#-----------
time=3682939
mem_heap_B=101478
mem_heap_extra_B=346
mem_stacks_B=0
heap_tree=empty
#-----------
snapshot=78
#-----------
time=3691022
mem_heap_B=0
mem_heap_extra_B=0
mem_stacks_B=0
heap_tree=empty
